<?xml version="1.0" encoding="UTF-8"?>
<!-- Generated by org.testng.reporters.JUnitReportReporter -->
<testsuite hostname="YogiNiki" failures="0" tests="1" name="TestPackage.basicTest" time="0.007" errors="0" timestamp="2024-01-19T18:04:47 GMT-05:00" skipped="0">
  <testcase classname="TestPackage.basicTest" name="Demo2" time="0.007"/>
</testsuite> <!-- TestPackage.basicTest -->
