<?xml version="1.0" encoding="UTF-8"?>
<!-- Generated by org.testng.reporters.JUnitReportReporter -->
<testsuite hostname="YogiNiki" failures="0" tests="1" name="TestPackage.basicTest2" time="0.004" errors="0" timestamp="2024-01-19T18:04:47 GMT-05:00" skipped="0">
  <testcase classname="TestPackage.basicTest2" name="testclass" time="0.004"/>
</testsuite> <!-- TestPackage.basicTest2 -->
